[2021-12-05 18:43:35,130][main][INFO][com.wjl.site.ServerApplication:55] Starting ServerApplication using Java 17 on lonestar with PID 34276 (D:\wjl\repository\walk-with-you\server\target\classes started by wjl in D:\wjl\repository\walk-with-you\server)
[2021-12-05 18:43:35,143][main][INFO][com.wjl.site.ServerApplication:635] No active profile set, falling back to default profiles: default
[2021-12-05 18:43:35,905][main][INFO][org.springframework.data.repository.config.RepositoryConfigurationDelegate:132] Bootstrapping Spring Data JPA repositories in DEFAULT mode.
[2021-12-05 18:43:35,967][main][INFO][org.springframework.data.repository.config.RepositoryConfigurationDelegate:201] Finished Spring Data repository scanning in 60 ms. Found 10 JPA repository interfaces.
[2021-12-05 18:43:36,374][main][INFO][org.springframework.boot.web.embedded.tomcat.TomcatWebServer:108] Tomcat initialized with port(s): 8088 (http)
[2021-12-05 18:43:36,374][main][INFO][org.apache.coyote.http11.Http11NioProtocol:173] Initializing ProtocolHandler ["http-nio-8088"]
[2021-12-05 18:43:36,374][main][INFO][org.apache.catalina.core.StandardService:173] Starting service [Tomcat]
[2021-12-05 18:43:36,374][main][INFO][org.apache.catalina.core.StandardEngine:173] Starting Servlet engine: [Apache Tomcat/9.0.55]
[2021-12-05 18:43:36,389][main][INFO][org.apache.catalina.core.AprLifecycleListener:173] Loaded Apache Tomcat Native library [1.2.30] using APR version [1.7.0].
[2021-12-05 18:43:36,389][main][INFO][org.apache.catalina.core.AprLifecycleListener:173] APR capabilities: IPv6 [true], sendfile [true], accept filters [false], random [true], UDS [true].
[2021-12-05 18:43:36,389][main][INFO][org.apache.catalina.core.AprLifecycleListener:173] APR/OpenSSL configuration: useAprConnector [false], useOpenSSL [true]
[2021-12-05 18:43:36,405][main][INFO][org.apache.catalina.core.AprLifecycleListener:173] OpenSSL successfully initialized [OpenSSL 1.1.1k  25 Mar 2021]
[2021-12-05 18:43:36,499][main][INFO][org.apache.catalina.core.ContainerBase.[Tomcat].[localhost].[/]:173] Initializing Spring embedded WebApplicationContext
[2021-12-05 18:43:36,499][main][INFO][org.springframework.boot.web.servlet.context.ServletWebServerApplicationContext:290] Root WebApplicationContext: initialization completed in 1332 ms
[2021-12-05 18:43:36,733][main][INFO][org.hibernate.jpa.internal.util.LogHelper:31] HHH000204: Processing PersistenceUnitInfo [name: default]
[2021-12-05 18:43:36,764][main][INFO][org.hibernate.Version:44] HHH000412: Hibernate ORM core version 5.6.1.Final
[2021-12-05 18:43:36,827][main][INFO][org.hibernate.annotations.common.Version:56] HCANN000001: Hibernate Commons Annotations {5.1.2.Final}
[2021-12-05 18:43:36,889][main][INFO][com.zaxxer.hikari.HikariDataSource:110] HikariPool-1 - Starting...
[2021-12-05 18:43:36,983][main][INFO][com.zaxxer.hikari.HikariDataSource:123] HikariPool-1 - Start completed.
[2021-12-05 18:43:36,983][main][INFO][org.hibernate.dialect.Dialect:175] HHH000400: Using dialect: org.hibernate.dialect.MySQL8Dialect
[2021-12-05 18:43:37,374][main][INFO][org.hibernate.engine.transaction.jta.platform.internal.JtaPlatformInitiator:52] HHH000490: Using JtaPlatform implementation: [org.hibernate.engine.transaction.jta.platform.internal.NoJtaPlatform]
[2021-12-05 18:43:37,389][main][INFO][org.springframework.orm.jpa.LocalContainerEntityManagerFactoryBean:437] Initialized JPA EntityManagerFactory for persistence unit 'default'
[2021-12-05 18:43:38,224][main][INFO][org.springframework.boot.actuate.endpoint.web.EndpointLinksResolver:58] Exposing 1 endpoint(s) beneath base path '/actuator'
[2021-12-05 18:43:38,255][main][INFO][org.apache.coyote.http11.Http11NioProtocol:173] Starting ProtocolHandler ["http-nio-8088"]
[2021-12-05 18:43:38,286][main][INFO][org.springframework.boot.web.embedded.tomcat.TomcatWebServer:220] Tomcat started on port(s): 8088 (http) with context path ''
[2021-12-05 18:43:38,302][main][INFO][com.wjl.site.ServerApplication:61] Started ServerApplication in 3.468 seconds (JVM running for 4.542)
[2021-12-05 18:43:38,674][RMI TCP Connection(2)-192.168.2.120][INFO][org.apache.catalina.core.ContainerBase.[Tomcat].[localhost].[/]:173] Initializing Spring DispatcherServlet 'dispatcherServlet'
[2021-12-05 18:43:38,674][RMI TCP Connection(2)-192.168.2.120][INFO][org.springframework.web.servlet.DispatcherServlet:525] Initializing Servlet 'dispatcherServlet'
[2021-12-05 18:43:38,674][RMI TCP Connection(2)-192.168.2.120][INFO][org.springframework.web.servlet.DispatcherServlet:547] Completed initialization in 0 ms
[2021-12-05 18:46:38,894][SpringApplicationShutdownHook][INFO][org.springframework.orm.jpa.LocalContainerEntityManagerFactoryBean:651] Closing JPA EntityManagerFactory for persistence unit 'default'
[2021-12-05 18:46:38,894][SpringApplicationShutdownHook][INFO][com.zaxxer.hikari.HikariDataSource:350] HikariPool-1 - Shutdown initiated...
[2021-12-05 18:46:38,910][SpringApplicationShutdownHook][INFO][com.zaxxer.hikari.HikariDataSource:352] HikariPool-1 - Shutdown completed.
[2021-12-05 18:46:44,077][main][INFO][com.wjl.site.ServerApplication:55] Starting ServerApplication using Java 17 on lonestar with PID 30864 (D:\wjl\repository\walk-with-you\server\target\classes started by wjl in D:\wjl\repository\walk-with-you\server)
[2021-12-05 18:46:44,092][main][INFO][com.wjl.site.ServerApplication:635] No active profile set, falling back to default profiles: default
[2021-12-05 18:46:44,786][main][INFO][org.springframework.data.repository.config.RepositoryConfigurationDelegate:132] Bootstrapping Spring Data JPA repositories in DEFAULT mode.
[2021-12-05 18:46:44,864][main][INFO][org.springframework.data.repository.config.RepositoryConfigurationDelegate:201] Finished Spring Data repository scanning in 66 ms. Found 10 JPA repository interfaces.
[2021-12-05 18:46:45,225][main][INFO][org.springframework.boot.web.embedded.tomcat.TomcatWebServer:108] Tomcat initialized with port(s): 8088 (http)
[2021-12-05 18:46:45,240][main][INFO][org.apache.coyote.http11.Http11NioProtocol:173] Initializing ProtocolHandler ["http-nio-8088"]
[2021-12-05 18:46:45,240][main][INFO][org.apache.catalina.core.StandardService:173] Starting service [Tomcat]
[2021-12-05 18:46:45,240][main][INFO][org.apache.catalina.core.StandardEngine:173] Starting Servlet engine: [Apache Tomcat/9.0.55]
[2021-12-05 18:46:45,240][main][INFO][org.apache.catalina.core.AprLifecycleListener:173] Loaded Apache Tomcat Native library [1.2.30] using APR version [1.7.0].
[2021-12-05 18:46:45,240][main][INFO][org.apache.catalina.core.AprLifecycleListener:173] APR capabilities: IPv6 [true], sendfile [true], accept filters [false], random [true], UDS [true].
[2021-12-05 18:46:45,240][main][INFO][org.apache.catalina.core.AprLifecycleListener:173] APR/OpenSSL configuration: useAprConnector [false], useOpenSSL [true]
[2021-12-05 18:46:45,240][main][INFO][org.apache.catalina.core.AprLifecycleListener:173] OpenSSL successfully initialized [OpenSSL 1.1.1k  25 Mar 2021]
[2021-12-05 18:46:45,334][main][INFO][org.apache.catalina.core.ContainerBase.[Tomcat].[localhost].[/]:173] Initializing Spring embedded WebApplicationContext
[2021-12-05 18:46:45,334][main][INFO][org.springframework.boot.web.servlet.context.ServletWebServerApplicationContext:290] Root WebApplicationContext: initialization completed in 1200 ms
[2021-12-05 18:46:45,521][main][INFO][org.hibernate.jpa.internal.util.LogHelper:31] HHH000204: Processing PersistenceUnitInfo [name: default]
[2021-12-05 18:46:45,552][main][INFO][org.hibernate.Version:44] HHH000412: Hibernate ORM core version 5.6.1.Final
[2021-12-05 18:46:45,615][main][INFO][org.hibernate.annotations.common.Version:56] HCANN000001: Hibernate Commons Annotations {5.1.2.Final}
[2021-12-05 18:46:45,678][main][INFO][com.zaxxer.hikari.HikariDataSource:110] HikariPool-1 - Starting...
[2021-12-05 18:46:45,771][main][INFO][com.zaxxer.hikari.HikariDataSource:123] HikariPool-1 - Start completed.
[2021-12-05 18:46:45,787][main][INFO][org.hibernate.dialect.Dialect:175] HHH000400: Using dialect: org.hibernate.dialect.MySQL8Dialect
[2021-12-05 18:46:46,178][main][INFO][org.hibernate.engine.transaction.jta.platform.internal.JtaPlatformInitiator:52] HHH000490: Using JtaPlatform implementation: [org.hibernate.engine.transaction.jta.platform.internal.NoJtaPlatform]
[2021-12-05 18:46:46,193][main][INFO][org.springframework.orm.jpa.LocalContainerEntityManagerFactoryBean:437] Initialized JPA EntityManagerFactory for persistence unit 'default'
[2021-12-05 18:46:47,049][main][INFO][org.springframework.boot.actuate.endpoint.web.EndpointLinksResolver:58] Exposing 1 endpoint(s) beneath base path '/actuator'
[2021-12-05 18:46:47,080][main][INFO][org.apache.coyote.http11.Http11NioProtocol:173] Starting ProtocolHandler ["http-nio-8088"]
[2021-12-05 18:46:47,111][main][INFO][org.springframework.boot.web.embedded.tomcat.TomcatWebServer:220] Tomcat started on port(s): 8088 (http) with context path ''
[2021-12-05 18:46:47,111][main][INFO][com.wjl.site.ServerApplication:61] Started ServerApplication in 3.317 seconds (JVM running for 4.092)
[2021-12-05 18:46:47,461][RMI TCP Connection(1)-192.168.2.120][INFO][org.apache.catalina.core.ContainerBase.[Tomcat].[localhost].[/]:173] Initializing Spring DispatcherServlet 'dispatcherServlet'
[2021-12-05 18:46:47,461][RMI TCP Connection(1)-192.168.2.120][INFO][org.springframework.web.servlet.DispatcherServlet:525] Initializing Servlet 'dispatcherServlet'
[2021-12-05 18:46:47,461][RMI TCP Connection(1)-192.168.2.120][INFO][org.springframework.web.servlet.DispatcherServlet:547] Completed initialization in 0 ms
[2021-12-05 18:47:34,344][SpringApplicationShutdownHook][INFO][org.springframework.orm.jpa.LocalContainerEntityManagerFactoryBean:651] Closing JPA EntityManagerFactory for persistence unit 'default'
[2021-12-05 18:47:34,344][SpringApplicationShutdownHook][INFO][com.zaxxer.hikari.HikariDataSource:350] HikariPool-1 - Shutdown initiated...
[2021-12-05 18:47:34,359][SpringApplicationShutdownHook][INFO][com.zaxxer.hikari.HikariDataSource:352] HikariPool-1 - Shutdown completed.
[2021-12-05 18:47:37,198][main][INFO][com.wjl.site.ServerApplication:55] Starting ServerApplication using Java 17 on lonestar with PID 35540 (D:\wjl\repository\walk-with-you\server\target\classes started by wjl in D:\wjl\repository\walk-with-you\server)
[2021-12-05 18:47:37,198][main][INFO][com.wjl.site.ServerApplication:635] No active profile set, falling back to default profiles: default
[2021-12-05 18:47:38,139][main][INFO][org.springframework.data.repository.config.RepositoryConfigurationDelegate:132] Bootstrapping Spring Data JPA repositories in DEFAULT mode.
[2021-12-05 18:47:38,237][main][INFO][org.springframework.data.repository.config.RepositoryConfigurationDelegate:201] Finished Spring Data repository scanning in 86 ms. Found 10 JPA repository interfaces.
[2021-12-05 18:47:38,612][main][INFO][org.springframework.boot.web.embedded.tomcat.TomcatWebServer:108] Tomcat initialized with port(s): 8088 (http)
[2021-12-05 18:47:38,612][main][INFO][org.apache.coyote.http11.Http11NioProtocol:173] Initializing ProtocolHandler ["http-nio-8088"]
[2021-12-05 18:47:38,612][main][INFO][org.apache.catalina.core.StandardService:173] Starting service [Tomcat]
[2021-12-05 18:47:38,612][main][INFO][org.apache.catalina.core.StandardEngine:173] Starting Servlet engine: [Apache Tomcat/9.0.55]
[2021-12-05 18:47:38,628][main][INFO][org.apache.catalina.core.AprLifecycleListener:173] Loaded Apache Tomcat Native library [1.2.30] using APR version [1.7.0].
[2021-12-05 18:47:38,628][main][INFO][org.apache.catalina.core.AprLifecycleListener:173] APR capabilities: IPv6 [true], sendfile [true], accept filters [false], random [true], UDS [true].
[2021-12-05 18:47:38,628][main][INFO][org.apache.catalina.core.AprLifecycleListener:173] APR/OpenSSL configuration: useAprConnector [false], useOpenSSL [true]
[2021-12-05 18:47:38,628][main][INFO][org.apache.catalina.core.AprLifecycleListener:173] OpenSSL successfully initialized [OpenSSL 1.1.1k  25 Mar 2021]
[2021-12-05 18:47:38,706][main][INFO][org.apache.catalina.core.ContainerBase.[Tomcat].[localhost].[/]:173] Initializing Spring embedded WebApplicationContext
[2021-12-05 18:47:38,706][main][INFO][org.springframework.boot.web.servlet.context.ServletWebServerApplicationContext:290] Root WebApplicationContext: initialization completed in 1462 ms
[2021-12-05 18:47:38,893][main][INFO][org.hibernate.jpa.internal.util.LogHelper:31] HHH000204: Processing PersistenceUnitInfo [name: default]
[2021-12-05 18:47:38,925][main][INFO][org.hibernate.Version:44] HHH000412: Hibernate ORM core version 5.6.1.Final
[2021-12-05 18:47:39,011][main][INFO][org.hibernate.annotations.common.Version:56] HCANN000001: Hibernate Commons Annotations {5.1.2.Final}
[2021-12-05 18:47:39,074][main][INFO][com.zaxxer.hikari.HikariDataSource:110] HikariPool-1 - Starting...
[2021-12-05 18:47:39,152][main][INFO][com.zaxxer.hikari.HikariDataSource:123] HikariPool-1 - Start completed.
[2021-12-05 18:47:39,152][main][INFO][org.hibernate.dialect.Dialect:175] HHH000400: Using dialect: org.hibernate.dialect.MySQL8Dialect
[2021-12-05 18:47:39,527][main][INFO][org.hibernate.engine.transaction.jta.platform.internal.JtaPlatformInitiator:52] HHH000490: Using JtaPlatform implementation: [org.hibernate.engine.transaction.jta.platform.internal.NoJtaPlatform]
[2021-12-05 18:47:39,527][main][INFO][org.springframework.orm.jpa.LocalContainerEntityManagerFactoryBean:437] Initialized JPA EntityManagerFactory for persistence unit 'default'
[2021-12-05 18:47:40,340][main][INFO][org.springframework.boot.actuate.endpoint.web.EndpointLinksResolver:58] Exposing 1 endpoint(s) beneath base path '/actuator'
[2021-12-05 18:47:40,372][main][INFO][org.apache.coyote.http11.Http11NioProtocol:173] Starting ProtocolHandler ["http-nio-8088"]
[2021-12-05 18:47:40,403][main][INFO][org.springframework.boot.web.embedded.tomcat.TomcatWebServer:220] Tomcat started on port(s): 8088 (http) with context path ''
[2021-12-05 18:47:40,419][main][INFO][com.wjl.site.ServerApplication:61] Started ServerApplication in 3.518 seconds (JVM running for 4.517)
[2021-12-05 18:47:40,970][RMI TCP Connection(4)-192.168.2.120][INFO][org.apache.catalina.core.ContainerBase.[Tomcat].[localhost].[/]:173] Initializing Spring DispatcherServlet 'dispatcherServlet'
[2021-12-05 18:47:40,970][RMI TCP Connection(4)-192.168.2.120][INFO][org.springframework.web.servlet.DispatcherServlet:525] Initializing Servlet 'dispatcherServlet'
[2021-12-05 18:47:40,970][RMI TCP Connection(4)-192.168.2.120][INFO][org.springframework.web.servlet.DispatcherServlet:547] Completed initialization in 0 ms
[2021-12-05 18:51:31,927][SpringApplicationShutdownHook][INFO][org.springframework.orm.jpa.LocalContainerEntityManagerFactoryBean:651] Closing JPA EntityManagerFactory for persistence unit 'default'
[2021-12-05 18:51:31,927][SpringApplicationShutdownHook][INFO][com.zaxxer.hikari.HikariDataSource:350] HikariPool-1 - Shutdown initiated...
[2021-12-05 18:51:31,927][SpringApplicationShutdownHook][INFO][com.zaxxer.hikari.HikariDataSource:352] HikariPool-1 - Shutdown completed.
